<?xml version="1.0" encoding="UTF-8"?>
<!-- Generated by org.testng.reporters.JUnitReportReporter -->
<testsuite hostname="DESKTOP-VC088CJ" failures="0" tests="12" name="com.qa.test.OppenheimerTest" time="26.992" errors="0" timestamp="2022-09-07T14:03:58 IST" skipped="0">
  <testcase classname="com.qa.test.OppenheimerTest" name="insertSingleRecord_API" time="0.215"/>
  <system-out/>
  <testcase classname="com.qa.test.OppenheimerTest" name="insertSingleRecord_API" time="0.065"/>
  <system-out/>
  <testcase classname="com.qa.test.OppenheimerTest" name="insertSingleRecord_API" time="1.167"/>
  <system-out/>
  <testcase classname="com.qa.test.OppenheimerTest" name="insertMultipleRecord_API" time="0.024"/>
  <system-out/>
  <testcase classname="com.qa.test.OppenheimerTest" name="insertMultipleRecord_API" time="0.021"/>
  <system-out/>
  <testcase classname="com.qa.test.OppenheimerTest" name="insertMultipleRecord_API" time="0.091"/>
  <system-out/>
  <testcase classname="com.qa.test.OppenheimerTest" name="uploadSingleRecordIntoDB_UI1" time="8.489"/>
  <system-out/>
  <testcase classname="com.qa.test.OppenheimerTest" name="uploadSingleRecordIntoDB_UI1" time="7.064"/>
  <system-out/>
  <testcase classname="com.qa.test.OppenheimerTest" name="BookKeeping_Manager_API" time="0.023"/>
  <system-out/>
  <testcase classname="com.qa.test.OppenheimerTest" name="dispense_TaxRelief_Governet_UI" time="3.479"/>
  <system-out/>
  <testcase classname="com.qa.test.OppenheimerTest" name="dispense_TaxRelief_Governet_UI" time="3.523"/>
  <system-out/>
  <testcase classname="com.qa.test.OppenheimerTest" name="dispense_TaxRelief_Governet_UI" time="2.831"/>
  <system-out/>
</testsuite> <!-- com.qa.test.OppenheimerTest -->
